{"/Users/gabrielkleinlima/Programando/Widget-para-compartilhar-fotos/backend/src/config/database.js": {"path":"/Users/gabrielkleinlima/Programando/Widget-para-compartilhar-fotos/backend/src/config/database.js","statementMap":{"0":{"start":{"line":1,"column":14},"end":{"line":1,"column":39}},"1":{"start":{"line":2,"column":0},"end":{"line":2,"column":27}},"2":{"start":{"line":4,"column":13},"end":{"line":14,"column":2}},"3":{"start":{"line":17,"column":0},"end":{"line":24,"column":7}},"4":{"start":{"line":19,"column":8},"end":{"line":19,"column":57}},"5":{"start":{"line":20,"column":8},"end":{"line":20,"column":29}},"6":{"start":{"line":23,"column":8},"end":{"line":23,"column":67}},"7":{"start":{"line":26,"column":0},"end":{"line":26,"column":22}}},"fnMap":{"0":{"name":"(anonymous_0)","decl":{"start":{"line":18,"column":10},"end":{"line":18,"column":11}},"loc":{"start":{"line":18,"column":24},"end":{"line":21,"column":5}},"line":18},"1":{"name":"(anonymous_1)","decl":{"start":{"line":22,"column":11},"end":{"line":22,"column":12}},"loc":{"start":{"line":22,"column":18},"end":{"line":24,"column":5}},"line":22}},"branchMap":{"0":{"loc":{"start":{"line":6,"column":10},"end":{"line":6,"column":37}},"type":"binary-expr","locations":[{"start":{"line":6,"column":10},"end":{"line":6,"column":29}},{"start":{"line":6,"column":33},"end":{"line":6,"column":37}}],"line":6}},"s":{"0":3,"1":3,"2":3,"3":3,"4":3,"5":3,"6":0,"7":3},"f":{"0":3,"1":0},"b":{"0":[3,0]},"_coverageSchema":"1a1c01bbd47fc00a2c39e90264f33305004495a9","hash":"bf6ec3abb6903a1c3eccbf360e48b12ae250a280"}
,"/Users/gabrielkleinlima/Programando/Widget-para-compartilhar-fotos/backend/src/config/firebase.js": {"path":"/Users/gabrielkleinlima/Programando/Widget-para-compartilhar-fotos/backend/src/config/firebase.js","statementMap":{"0":{"start":{"line":1,"column":14},"end":{"line":1,"column":39}},"1":{"start":{"line":2,"column":13},"end":{"line":2,"column":28}},"2":{"start":{"line":3,"column":11},"end":{"line":3,"column":24}},"3":{"start":{"line":6,"column":27},"end":{"line":6,"column":80}},"4":{"start":{"line":9,"column":0},"end":{"line":27,"column":1}},"5":{"start":{"line":10,"column":4},"end":{"line":10,"column":100}},"6":{"start":{"line":11,"column":4},"end":{"line":11,"column":120}},"7":{"start":{"line":12,"column":4},"end":{"line":12,"column":26}},"8":{"start":{"line":14,"column":4},"end":{"line":26,"column":5}},"9":{"start":{"line":15,"column":31},"end":{"line":15,"column":58}},"10":{"start":{"line":17,"column":8},"end":{"line":19,"column":11}},"11":{"start":{"line":21,"column":8},"end":{"line":21,"column":65}},"12":{"start":{"line":22,"column":8},"end":{"line":22,"column":31}},"13":{"start":{"line":24,"column":8},"end":{"line":24,"column":78}},"14":{"start":{"line":25,"column":8},"end":{"line":25,"column":30}}},"fnMap":{},"branchMap":{"0":{"loc":{"start":{"line":9,"column":0},"end":{"line":27,"column":1}},"type":"if","locations":[{"start":{"line":9,"column":0},"end":{"line":27,"column":1}},{"start":{"line":13,"column":7},"end":{"line":27,"column":1}}],"line":9}},"s":{"0":1,"1":1,"2":1,"3":1,"4":1,"5":0,"6":0,"7":0,"8":1,"9":1,"10":1,"11":1,"12":1,"13":0,"14":0},"f":{},"b":{"0":[0,1]},"_coverageSchema":"1a1c01bbd47fc00a2c39e90264f33305004495a9","hash":"6516d418569b2b29ed5b7bb1ea410a90251f9549"}
,"/Users/gabrielkleinlima/Programando/Widget-para-compartilhar-fotos/backend/src/controllers/authController.js": {"path":"/Users/gabrielkleinlima/Programando/Widget-para-compartilhar-fotos/backend/src/controllers/authController.js","statementMap":{"0":{"start":{"line":1,"column":15},"end":{"line":1,"column":34}},"1":{"start":{"line":2,"column":12},"end":{"line":2,"column":35}},"2":{"start":{"line":3,"column":11},"end":{"line":3,"column":40}},"3":{"start":{"line":4,"column":13},"end":{"line":4,"column":38}},"4":{"start":{"line":8,"column":18},"end":{"line":8,"column":56}},"5":{"start":{"line":9,"column":15},"end":{"line":9,"column":17}},"6":{"start":{"line":10,"column":4},"end":{"line":12,"column":5}},"7":{"start":{"line":10,"column":17},"end":{"line":10,"column":18}},"8":{"start":{"line":11,"column":8},"end":{"line":11,"column":71}},"9":{"start":{"line":13,"column":4},"end":{"line":13,"column":16}},"10":{"start":{"line":18,"column":4},"end":{"line":79,"column":5}},"11":{"start":{"line":19,"column":50},"end":{"line":19,"column":58}},"12":{"start":{"line":21,"column":8},"end":{"line":23,"column":9}},"13":{"start":{"line":22,"column":12},"end":{"line":22,"column":85}},"14":{"start":{"line":26,"column":32},"end":{"line":29,"column":9}},"15":{"start":{"line":31,"column":8},"end":{"line":33,"column":9}},"16":{"start":{"line":32,"column":12},"end":{"line":32,"column":75}},"17":{"start":{"line":36,"column":30},"end":{"line":36,"column":61}},"18":{"start":{"line":40,"column":23},"end":{"line":40,"column":28}},"19":{"start":{"line":41,"column":8},"end":{"line":50,"column":9}},"20":{"start":{"line":42,"column":12},"end":{"line":42,"column":49}},"21":{"start":{"line":43,"column":28},"end":{"line":46,"column":13}},"22":{"start":{"line":47,"column":12},"end":{"line":49,"column":13}},"23":{"start":{"line":48,"column":16},"end":{"line":48,"column":32}},"24":{"start":{"line":53,"column":21},"end":{"line":58,"column":10}},"25":{"start":{"line":60,"column":8},"end":{"line":63,"column":10}},"26":{"start":{"line":66,"column":22},"end":{"line":70,"column":9}},"27":{"start":{"line":72,"column":8},"end":{"line":75,"column":11}},"28":{"start":{"line":77,"column":8},"end":{"line":77,"column":50}},"29":{"start":{"line":78,"column":8},"end":{"line":78,"column":65}},"30":{"start":{"line":84,"column":4},"end":{"line":124,"column":5}},"31":{"start":{"line":85,"column":36},"end":{"line":85,"column":44}},"32":{"start":{"line":87,"column":8},"end":{"line":89,"column":9}},"33":{"start":{"line":88,"column":12},"end":{"line":88,"column":85}},"34":{"start":{"line":92,"column":24},"end":{"line":95,"column":9}},"35":{"start":{"line":97,"column":8},"end":{"line":99,"column":9}},"36":{"start":{"line":98,"column":12},"end":{"line":98,"column":79}},"37":{"start":{"line":101,"column":21},"end":{"line":101,"column":43}},"38":{"start":{"line":104,"column":32},"end":{"line":104,"column":82}},"39":{"start":{"line":106,"column":8},"end":{"line":108,"column":9}},"40":{"start":{"line":107,"column":12},"end":{"line":107,"column":79}},"41":{"start":{"line":111,"column":22},"end":{"line":115,"column":9}},"42":{"start":{"line":117,"column":8},"end":{"line":120,"column":11}},"43":{"start":{"line":122,"column":8},"end":{"line":122,"column":47}},"44":{"start":{"line":123,"column":8},"end":{"line":123,"column":63}},"45":{"start":{"line":129,"column":4},"end":{"line":187,"column":5}},"46":{"start":{"line":130,"column":33},"end":{"line":130,"column":41}},"47":{"start":{"line":132,"column":8},"end":{"line":134,"column":9}},"48":{"start":{"line":133,"column":12},"end":{"line":133,"column":73}},"49":{"start":{"line":138,"column":23},"end":{"line":138,"column":28}},"50":{"start":{"line":139,"column":23},"end":{"line":139,"column":24}},"51":{"start":{"line":141,"column":8},"end":{"line":151,"column":9}},"52":{"start":{"line":142,"column":12},"end":{"line":142,"column":49}},"53":{"start":{"line":143,"column":28},"end":{"line":146,"column":13}},"54":{"start":{"line":147,"column":12},"end":{"line":149,"column":13}},"55":{"start":{"line":148,"column":16},"end":{"line":148,"column":32}},"56":{"start":{"line":150,"column":12},"end":{"line":150,"column":23}},"57":{"start":{"line":153,"column":8},"end":{"line":155,"column":9}},"58":{"start":{"line":154,"column":12},"end":{"line":154,"column":81}},"59":{"start":{"line":158,"column":21},"end":{"line":161,"column":10}},"60":{"start":{"line":163,"column":8},"end":{"line":166,"column":10}},"61":{"start":{"line":169,"column":22},"end":{"line":173,"column":9}},"62":{"start":{"line":175,"column":8},"end":{"line":183,"column":11}},"63":{"start":{"line":185,"column":8},"end":{"line":185,"column":63}},"64":{"start":{"line":186,"column":8},"end":{"line":186,"column":65}},"65":{"start":{"line":192,"column":4},"end":{"line":232,"column":5}},"66":{"start":{"line":193,"column":33},"end":{"line":193,"column":41}},"67":{"start":{"line":195,"column":8},"end":{"line":197,"column":9}},"68":{"start":{"line":196,"column":12},"end":{"line":196,"column":73}},"69":{"start":{"line":200,"column":24},"end":{"line":203,"column":9}},"70":{"start":{"line":205,"column":8},"end":{"line":207,"column":9}},"71":{"start":{"line":206,"column":12},"end":{"line":206,"column":77}},"72":{"start":{"line":209,"column":8},"end":{"line":214,"column":9}},"73":{"start":{"line":210,"column":12},"end":{"line":213,"column":15}},"74":{"start":{"line":216,"column":21},"end":{"line":216,"column":43}},"75":{"start":{"line":219,"column":22},"end":{"line":223,"column":9}},"76":{"start":{"line":225,"column":8},"end":{"line":228,"column":11}},"77":{"start":{"line":230,"column":8},"end":{"line":230,"column":60}},"78":{"start":{"line":231,"column":8},"end":{"line":231,"column":63}},"79":{"start":{"line":237,"column":4},"end":{"line":270,"column":5}},"80":{"start":{"line":238,"column":33},"end":{"line":238,"column":41}},"81":{"start":{"line":240,"column":8},"end":{"line":242,"column":9}},"82":{"start":{"line":241,"column":12},"end":{"line":241,"column":89}},"83":{"start":{"line":245,"column":24},"end":{"line":248,"column":9}},"84":{"start":{"line":250,"column":8},"end":{"line":252,"column":9}},"85":{"start":{"line":251,"column":12},"end":{"line":251,"column":70}},"86":{"start":{"line":254,"column":21},"end":{"line":254,"column":43}},"87":{"start":{"line":257,"column":22},"end":{"line":261,"column":9}},"88":{"start":{"line":263,"column":8},"end":{"line":266,"column":11}},"89":{"start":{"line":268,"column":8},"end":{"line":268,"column":58}},"90":{"start":{"line":269,"column":8},"end":{"line":269,"column":63}},"91":{"start":{"line":273,"column":0},"end":{"line":279,"column":2}}},"fnMap":{"0":{"name":"generatePairingCode","decl":{"start":{"line":7,"column":9},"end":{"line":7,"column":28}},"loc":{"start":{"line":7,"column":31},"end":{"line":14,"column":1}},"line":7},"1":{"name":"register","decl":{"start":{"line":17,"column":15},"end":{"line":17,"column":23}},"loc":{"start":{"line":17,"column":34},"end":{"line":80,"column":1}},"line":17},"2":{"name":"login","decl":{"start":{"line":83,"column":15},"end":{"line":83,"column":20}},"loc":{"start":{"line":83,"column":31},"end":{"line":125,"column":1}},"line":83},"3":{"name":"registerSimple","decl":{"start":{"line":128,"column":15},"end":{"line":128,"column":29}},"loc":{"start":{"line":128,"column":40},"end":{"line":188,"column":1}},"line":128},"4":{"name":"loginSimple","decl":{"start":{"line":191,"column":15},"end":{"line":191,"column":26}},"loc":{"start":{"line":191,"column":37},"end":{"line":233,"column":1}},"line":191},"5":{"name":"loginByPairingCode","decl":{"start":{"line":236,"column":15},"end":{"line":236,"column":33}},"loc":{"start":{"line":236,"column":44},"end":{"line":271,"column":1}},"line":236}},"branchMap":{"0":{"loc":{"start":{"line":21,"column":8},"end":{"line":23,"column":9}},"type":"if","locations":[{"start":{"line":21,"column":8},"end":{"line":23,"column":9}},{"start":{},"end":{}}],"line":21},"1":{"loc":{"start":{"line":21,"column":12},"end":{"line":21,"column":31}},"type":"binary-expr","locations":[{"start":{"line":21,"column":12},"end":{"line":21,"column":18}},{"start":{"line":21,"column":22},"end":{"line":21,"column":31}}],"line":21},"2":{"loc":{"start":{"line":31,"column":8},"end":{"line":33,"column":9}},"type":"if","locations":[{"start":{"line":31,"column":8},"end":{"line":33,"column":9}},{"start":{},"end":{}}],"line":31},"3":{"loc":{"start":{"line":47,"column":12},"end":{"line":49,"column":13}},"type":"if","locations":[{"start":{"line":47,"column":12},"end":{"line":49,"column":13}},{"start":{},"end":{}}],"line":47},"4":{"loc":{"start":{"line":57,"column":26},"end":{"line":57,"column":80}},"type":"binary-expr","locations":[{"start":{"line":57,"column":26},"end":{"line":57,"column":38}},{"start":{"line":57,"column":42},"end":{"line":57,"column":80}}],"line":57},"5":{"loc":{"start":{"line":69,"column":25},"end":{"line":69,"column":59}},"type":"binary-expr","locations":[{"start":{"line":69,"column":25},"end":{"line":69,"column":51}},{"start":{"line":69,"column":55},"end":{"line":69,"column":59}}],"line":69},"6":{"loc":{"start":{"line":87,"column":8},"end":{"line":89,"column":9}},"type":"if","locations":[{"start":{"line":87,"column":8},"end":{"line":89,"column":9}},{"start":{},"end":{}}],"line":87},"7":{"loc":{"start":{"line":87,"column":12},"end":{"line":87,"column":31}},"type":"binary-expr","locations":[{"start":{"line":87,"column":12},"end":{"line":87,"column":18}},{"start":{"line":87,"column":22},"end":{"line":87,"column":31}}],"line":87},"8":{"loc":{"start":{"line":97,"column":8},"end":{"line":99,"column":9}},"type":"if","locations":[{"start":{"line":97,"column":8},"end":{"line":99,"column":9}},{"start":{},"end":{}}],"line":97},"9":{"loc":{"start":{"line":106,"column":8},"end":{"line":108,"column":9}},"type":"if","locations":[{"start":{"line":106,"column":8},"end":{"line":108,"column":9}},{"start":{},"end":{}}],"line":106},"10":{"loc":{"start":{"line":114,"column":25},"end":{"line":114,"column":59}},"type":"binary-expr","locations":[{"start":{"line":114,"column":25},"end":{"line":114,"column":51}},{"start":{"line":114,"column":55},"end":{"line":114,"column":59}}],"line":114},"11":{"loc":{"start":{"line":132,"column":8},"end":{"line":134,"column":9}},"type":"if","locations":[{"start":{"line":132,"column":8},"end":{"line":134,"column":9}},{"start":{},"end":{}}],"line":132},"12":{"loc":{"start":{"line":132,"column":12},"end":{"line":132,"column":55}},"type":"binary-expr","locations":[{"start":{"line":132,"column":12},"end":{"line":132,"column":25}},{"start":{"line":132,"column":29},"end":{"line":132,"column":55}}],"line":132},"13":{"loc":{"start":{"line":141,"column":15},"end":{"line":141,"column":41}},"type":"binary-expr","locations":[{"start":{"line":141,"column":15},"end":{"line":141,"column":24}},{"start":{"line":141,"column":28},"end":{"line":141,"column":41}}],"line":141},"14":{"loc":{"start":{"line":147,"column":12},"end":{"line":149,"column":13}},"type":"if","locations":[{"start":{"line":147,"column":12},"end":{"line":149,"column":13}},{"start":{},"end":{}}],"line":147},"15":{"loc":{"start":{"line":153,"column":8},"end":{"line":155,"column":9}},"type":"if","locations":[{"start":{"line":153,"column":8},"end":{"line":155,"column":9}},{"start":{},"end":{}}],"line":153},"16":{"loc":{"start":{"line":172,"column":25},"end":{"line":172,"column":60}},"type":"binary-expr","locations":[{"start":{"line":172,"column":25},"end":{"line":172,"column":51}},{"start":{"line":172,"column":55},"end":{"line":172,"column":60}}],"line":172},"17":{"loc":{"start":{"line":195,"column":8},"end":{"line":197,"column":9}},"type":"if","locations":[{"start":{"line":195,"column":8},"end":{"line":197,"column":9}},{"start":{},"end":{}}],"line":195},"18":{"loc":{"start":{"line":195,"column":12},"end":{"line":195,"column":55}},"type":"binary-expr","locations":[{"start":{"line":195,"column":12},"end":{"line":195,"column":25}},{"start":{"line":195,"column":29},"end":{"line":195,"column":55}}],"line":195},"19":{"loc":{"start":{"line":205,"column":8},"end":{"line":207,"column":9}},"type":"if","locations":[{"start":{"line":205,"column":8},"end":{"line":207,"column":9}},{"start":{},"end":{}}],"line":205},"20":{"loc":{"start":{"line":209,"column":8},"end":{"line":214,"column":9}},"type":"if","locations":[{"start":{"line":209,"column":8},"end":{"line":214,"column":9}},{"start":{},"end":{}}],"line":209},"21":{"loc":{"start":{"line":222,"column":25},"end":{"line":222,"column":60}},"type":"binary-expr","locations":[{"start":{"line":222,"column":25},"end":{"line":222,"column":51}},{"start":{"line":222,"column":55},"end":{"line":222,"column":60}}],"line":222},"22":{"loc":{"start":{"line":240,"column":8},"end":{"line":242,"column":9}},"type":"if","locations":[{"start":{"line":240,"column":8},"end":{"line":242,"column":9}},{"start":{},"end":{}}],"line":240},"23":{"loc":{"start":{"line":240,"column":12},"end":{"line":240,"column":55}},"type":"binary-expr","locations":[{"start":{"line":240,"column":12},"end":{"line":240,"column":25}},{"start":{"line":240,"column":29},"end":{"line":240,"column":55}}],"line":240},"24":{"loc":{"start":{"line":250,"column":8},"end":{"line":252,"column":9}},"type":"if","locations":[{"start":{"line":250,"column":8},"end":{"line":252,"column":9}},{"start":{},"end":{}}],"line":250},"25":{"loc":{"start":{"line":260,"column":25},"end":{"line":260,"column":60}},"type":"binary-expr","locations":[{"start":{"line":260,"column":25},"end":{"line":260,"column":51}},{"start":{"line":260,"column":55},"end":{"line":260,"column":60}}],"line":260}},"s":{"0":3,"1":3,"2":3,"3":3,"4":0,"5":0,"6":0,"7":0,"8":0,"9":0,"10":0,"11":0,"12":0,"13":0,"14":0,"15":0,"16":0,"17":0,"18":0,"19":0,"20":0,"21":0,"22":0,"23":0,"24":0,"25":0,"26":0,"27":0,"28":0,"29":0,"30":0,"31":0,"32":0,"33":0,"34":0,"35":0,"36":0,"37":0,"38":0,"39":0,"40":0,"41":0,"42":0,"43":0,"44":0,"45":60,"46":60,"47":60,"48":60,"49":0,"50":0,"51":0,"52":0,"53":0,"54":0,"55":0,"56":0,"57":0,"58":0,"59":0,"60":0,"61":0,"62":0,"63":0,"64":0,"65":0,"66":0,"67":0,"68":0,"69":0,"70":0,"71":0,"72":0,"73":0,"74":0,"75":0,"76":0,"77":0,"78":0,"79":0,"80":0,"81":0,"82":0,"83":0,"84":0,"85":0,"86":0,"87":0,"88":0,"89":0,"90":0,"91":3},"f":{"0":0,"1":0,"2":0,"3":60,"4":0,"5":0},"b":{"0":[0,0],"1":[0,0],"2":[0,0],"3":[0,0],"4":[0,0],"5":[0,0],"6":[0,0],"7":[0,0],"8":[0,0],"9":[0,0],"10":[0,0],"11":[60,0],"12":[60,0],"13":[0,0],"14":[0,0],"15":[0,0],"16":[0,0],"17":[0,0],"18":[0,0],"19":[0,0],"20":[0,0],"21":[0,0],"22":[0,0],"23":[0,0],"24":[0,0],"25":[0,0]},"_coverageSchema":"1a1c01bbd47fc00a2c39e90264f33305004495a9","hash":"7190157d1cf212bcfb0e08444530438c90919e41"}
,"/Users/gabrielkleinlima/Programando/Widget-para-compartilhar-fotos/backend/src/controllers/photoController.js": {"path":"/Users/gabrielkleinlima/Programando/Widget-para-compartilhar-fotos/backend/src/controllers/photoController.js","statementMap":{"0":{"start":{"line":1,"column":11},"end":{"line":1,"column":40}},"1":{"start":{"line":2,"column":14},"end":{"line":2,"column":40}},"2":{"start":{"line":3,"column":15},"end":{"line":3,"column":32}},"3":{"start":{"line":4,"column":14},"end":{"line":4,"column":43}},"4":{"start":{"line":5,"column":14},"end":{"line":5,"column":30}},"5":{"start":{"line":6,"column":17},"end":{"line":6,"column":37}},"6":{"start":{"line":9,"column":16},"end":{"line":9,"column":38}},"7":{"start":{"line":10,"column":15},"end":{"line":22,"column":2}},"8":{"start":{"line":16,"column":8},"end":{"line":20,"column":9}},"9":{"start":{"line":17,"column":12},"end":{"line":17,"column":27}},"10":{"start":{"line":19,"column":12},"end":{"line":19,"column":66}},"11":{"start":{"line":26,"column":4},"end":{"line":171,"column":5}},"12":{"start":{"line":27,"column":25},"end":{"line":27,"column":36}},"13":{"start":{"line":28,"column":31},"end":{"line":28,"column":39}},"14":{"start":{"line":30,"column":8},"end":{"line":32,"column":9}},"15":{"start":{"line":31,"column":12},"end":{"line":31,"column":87}},"16":{"start":{"line":34,"column":8},"end":{"line":36,"column":9}},"17":{"start":{"line":35,"column":12},"end":{"line":35,"column":75}},"18":{"start":{"line":39,"column":24},"end":{"line":42,"column":9}},"19":{"start":{"line":44,"column":8},"end":{"line":46,"column":9}},"20":{"start":{"line":45,"column":12},"end":{"line":45,"column":77}},"21":{"start":{"line":48,"column":8},"end":{"line":50,"column":9}},"22":{"start":{"line":49,"column":12},"end":{"line":49,"column":98}},"23":{"start":{"line":55,"column":25},"end":{"line":55,"column":67}},"24":{"start":{"line":56,"column":8},"end":{"line":58,"column":9}},"25":{"start":{"line":57,"column":12},"end":{"line":57,"column":86}},"26":{"start":{"line":60,"column":29},"end":{"line":60,"column":69}},"27":{"start":{"line":61,"column":8},"end":{"line":65,"column":9}},"28":{"start":{"line":62,"column":12},"end":{"line":64,"column":15}},"29":{"start":{"line":69,"column":8},"end":{"line":74,"column":9}},"30":{"start":{"line":70,"column":12},"end":{"line":70,"column":63}},"31":{"start":{"line":72,"column":12},"end":{"line":72,"column":68}},"32":{"start":{"line":73,"column":12},"end":{"line":73,"column":84}},"33":{"start":{"line":76,"column":26},"end":{"line":76,"column":30}},"34":{"start":{"line":77,"column":27},"end":{"line":77,"column":31}},"35":{"start":{"line":78,"column":27},"end":{"line":78,"column":37}},"36":{"start":{"line":80,"column":8},"end":{"line":84,"column":9}},"37":{"start":{"line":81,"column":12},"end":{"line":83,"column":15}},"38":{"start":{"line":86,"column":8},"end":{"line":90,"column":9}},"39":{"start":{"line":87,"column":12},"end":{"line":89,"column":15}},"40":{"start":{"line":94,"column":8},"end":{"line":116,"column":9}},"41":{"start":{"line":95,"column":33},"end":{"line":95,"column":55}},"42":{"start":{"line":96,"column":12},"end":{"line":96,"column":127}},"43":{"start":{"line":98,"column":12},"end":{"line":108,"column":28}},"44":{"start":{"line":110,"column":34},"end":{"line":110,"column":61}},"45":{"start":{"line":111,"column":30},"end":{"line":111,"column":83}},"46":{"start":{"line":112,"column":12},"end":{"line":112,"column":114}},"47":{"start":{"line":114,"column":12},"end":{"line":114,"column":62}},"48":{"start":{"line":115,"column":12},"end":{"line":115,"column":79}},"49":{"start":{"line":119,"column":22},"end":{"line":124,"column":10}},"50":{"start":{"line":126,"column":8},"end":{"line":129,"column":10}},"51":{"start":{"line":132,"column":8},"end":{"line":165,"column":9}},"52":{"start":{"line":133,"column":12},"end":{"line":164,"column":13}},"53":{"start":{"line":135,"column":36},"end":{"line":138,"column":17}},"54":{"start":{"line":140,"column":16},"end":{"line":160,"column":17}},"55":{"start":{"line":141,"column":37},"end":{"line":141,"column":59}},"56":{"start":{"line":144,"column":20},"end":{"line":158,"column":23}},"57":{"start":{"line":159,"column":20},"end":{"line":159,"column":92}},"58":{"start":{"line":162,"column":16},"end":{"line":162,"column":86}},"59":{"start":{"line":167,"column":8},"end":{"line":167,"column":45}},"60":{"start":{"line":169,"column":8},"end":{"line":169,"column":62}},"61":{"start":{"line":170,"column":8},"end":{"line":170,"column":72}},"62":{"start":{"line":176,"column":4},"end":{"line":201,"column":5}},"63":{"start":{"line":177,"column":23},"end":{"line":177,"column":33}},"64":{"start":{"line":178,"column":23},"end":{"line":178,"column":34}},"65":{"start":{"line":180,"column":25},"end":{"line":183,"column":9}},"66":{"start":{"line":185,"column":8},"end":{"line":187,"column":9}},"67":{"start":{"line":186,"column":12},"end":{"line":186,"column":74}},"68":{"start":{"line":189,"column":22},"end":{"line":189,"column":31}},"69":{"start":{"line":192,"column":8},"end":{"line":194,"column":9}},"70":{"start":{"line":193,"column":12},"end":{"line":193,"column":68}},"71":{"start":{"line":196,"column":8},"end":{"line":196,"column":52}},"72":{"start":{"line":197,"column":8},"end":{"line":197,"column":35}},"73":{"start":{"line":199,"column":8},"end":{"line":199,"column":55}},"74":{"start":{"line":200,"column":8},"end":{"line":200,"column":65}},"75":{"start":{"line":206,"column":4},"end":{"line":223,"column":5}},"76":{"start":{"line":207,"column":23},"end":{"line":207,"column":34}},"77":{"start":{"line":209,"column":25},"end":{"line":212,"column":9}},"78":{"start":{"line":214,"column":8},"end":{"line":216,"column":9}},"79":{"start":{"line":215,"column":12},"end":{"line":215,"column":34}},"80":{"start":{"line":218,"column":22},"end":{"line":218,"column":46}},"81":{"start":{"line":219,"column":8},"end":{"line":219,"column":33}},"82":{"start":{"line":221,"column":8},"end":{"line":221,"column":60}},"83":{"start":{"line":222,"column":8},"end":{"line":222,"column":70}},"84":{"start":{"line":228,"column":4},"end":{"line":245,"column":5}},"85":{"start":{"line":229,"column":23},"end":{"line":229,"column":34}},"86":{"start":{"line":231,"column":25},"end":{"line":234,"column":9}},"87":{"start":{"line":236,"column":27},"end":{"line":239,"column":10}},"88":{"start":{"line":237,"column":26},"end":{"line":237,"column":44}},"89":{"start":{"line":238,"column":12},"end":{"line":238,"column":34}},"90":{"start":{"line":241,"column":8},"end":{"line":241,"column":29}},"91":{"start":{"line":243,"column":8},"end":{"line":243,"column":54}},"92":{"start":{"line":244,"column":8},"end":{"line":244,"column":64}},"93":{"start":{"line":250,"column":4},"end":{"line":277,"column":5}},"94":{"start":{"line":251,"column":23},"end":{"line":251,"column":33}},"95":{"start":{"line":252,"column":23},"end":{"line":252,"column":34}},"96":{"start":{"line":255,"column":25},"end":{"line":258,"column":9}},"97":{"start":{"line":260,"column":8},"end":{"line":262,"column":9}},"98":{"start":{"line":261,"column":12},"end":{"line":261,"column":74}},"99":{"start":{"line":264,"column":8},"end":{"line":266,"column":9}},"100":{"start":{"line":265,"column":12},"end":{"line":265,"column":68}},"101":{"start":{"line":268,"column":8},"end":{"line":271,"column":10}},"102":{"start":{"line":273,"column":8},"end":{"line":273,"column":57}},"103":{"start":{"line":275,"column":8},"end":{"line":275,"column":64}},"104":{"start":{"line":276,"column":8},"end":{"line":276,"column":74}},"105":{"start":{"line":280,"column":0},"end":{"line":287,"column":2}}},"fnMap":{"0":{"name":"(anonymous_0)","decl":{"start":{"line":15,"column":16},"end":{"line":15,"column":17}},"loc":{"start":{"line":15,"column":35},"end":{"line":21,"column":5}},"line":15},"1":{"name":"uploadPhoto","decl":{"start":{"line":25,"column":15},"end":{"line":25,"column":26}},"loc":{"start":{"line":25,"column":37},"end":{"line":172,"column":1}},"line":25},"2":{"name":"getPhotoImage","decl":{"start":{"line":175,"column":15},"end":{"line":175,"column":28}},"loc":{"start":{"line":175,"column":39},"end":{"line":202,"column":1}},"line":175},"3":{"name":"getLatestPhoto","decl":{"start":{"line":205,"column":15},"end":{"line":205,"column":29}},"loc":{"start":{"line":205,"column":40},"end":{"line":224,"column":1}},"line":205},"4":{"name":"getPhotos","decl":{"start":{"line":227,"column":15},"end":{"line":227,"column":24}},"loc":{"start":{"line":227,"column":35},"end":{"line":246,"column":1}},"line":227},"5":{"name":"(anonymous_5)","decl":{"start":{"line":236,"column":38},"end":{"line":236,"column":39}},"loc":{"start":{"line":236,"column":45},"end":{"line":239,"column":9}},"line":236},"6":{"name":"markPhotoAsSeen","decl":{"start":{"line":249,"column":15},"end":{"line":249,"column":30}},"loc":{"start":{"line":249,"column":41},"end":{"line":278,"column":1}},"line":249}},"branchMap":{"0":{"loc":{"start":{"line":16,"column":8},"end":{"line":20,"column":9}},"type":"if","locations":[{"start":{"line":16,"column":8},"end":{"line":20,"column":9}},{"start":{"line":18,"column":15},"end":{"line":20,"column":9}}],"line":16},"1":{"loc":{"start":{"line":30,"column":8},"end":{"line":32,"column":9}},"type":"if","locations":[{"start":{"line":30,"column":8},"end":{"line":32,"column":9}},{"start":{},"end":{}}],"line":30},"2":{"loc":{"start":{"line":34,"column":8},"end":{"line":36,"column":9}},"type":"if","locations":[{"start":{"line":34,"column":8},"end":{"line":36,"column":9}},{"start":{},"end":{}}],"line":34},"3":{"loc":{"start":{"line":44,"column":8},"end":{"line":46,"column":9}},"type":"if","locations":[{"start":{"line":44,"column":8},"end":{"line":46,"column":9}},{"start":{},"end":{}}],"line":44},"4":{"loc":{"start":{"line":48,"column":8},"end":{"line":50,"column":9}},"type":"if","locations":[{"start":{"line":48,"column":8},"end":{"line":50,"column":9}},{"start":{},"end":{}}],"line":48},"5":{"loc":{"start":{"line":56,"column":8},"end":{"line":58,"column":9}},"type":"if","locations":[{"start":{"line":56,"column":8},"end":{"line":58,"column":9}},{"start":{},"end":{}}],"line":56},"6":{"loc":{"start":{"line":61,"column":8},"end":{"line":65,"column":9}},"type":"if","locations":[{"start":{"line":61,"column":8},"end":{"line":65,"column":9}},{"start":{},"end":{}}],"line":61},"7":{"loc":{"start":{"line":80,"column":8},"end":{"line":84,"column":9}},"type":"if","locations":[{"start":{"line":80,"column":8},"end":{"line":84,"column":9}},{"start":{},"end":{}}],"line":80},"8":{"loc":{"start":{"line":80,"column":12},"end":{"line":80,"column":70}},"type":"binary-expr","locations":[{"start":{"line":80,"column":12},"end":{"line":80,"column":38}},{"start":{"line":80,"column":42},"end":{"line":80,"column":70}}],"line":80},"9":{"loc":{"start":{"line":86,"column":8},"end":{"line":90,"column":9}},"type":"if","locations":[{"start":{"line":86,"column":8},"end":{"line":90,"column":9}},{"start":{},"end":{}}],"line":86},"10":{"loc":{"start":{"line":132,"column":8},"end":{"line":165,"column":9}},"type":"if","locations":[{"start":{"line":132,"column":8},"end":{"line":165,"column":9}},{"start":{},"end":{}}],"line":132},"11":{"loc":{"start":{"line":140,"column":16},"end":{"line":160,"column":17}},"type":"if","locations":[{"start":{"line":140,"column":16},"end":{"line":160,"column":17}},{"start":{},"end":{}}],"line":140},"12":{"loc":{"start":{"line":140,"column":20},"end":{"line":140,"column":66}},"type":"binary-expr","locations":[{"start":{"line":140,"column":20},"end":{"line":140,"column":40}},{"start":{"line":140,"column":44},"end":{"line":140,"column":66}}],"line":140},"13":{"loc":{"start":{"line":185,"column":8},"end":{"line":187,"column":9}},"type":"if","locations":[{"start":{"line":185,"column":8},"end":{"line":187,"column":9}},{"start":{},"end":{}}],"line":185},"14":{"loc":{"start":{"line":192,"column":8},"end":{"line":194,"column":9}},"type":"if","locations":[{"start":{"line":192,"column":8},"end":{"line":194,"column":9}},{"start":{},"end":{}}],"line":192},"15":{"loc":{"start":{"line":192,"column":12},"end":{"line":192,"column":70}},"type":"binary-expr","locations":[{"start":{"line":192,"column":12},"end":{"line":192,"column":38}},{"start":{"line":192,"column":42},"end":{"line":192,"column":70}}],"line":192},"16":{"loc":{"start":{"line":214,"column":8},"end":{"line":216,"column":9}},"type":"if","locations":[{"start":{"line":214,"column":8},"end":{"line":216,"column":9}},{"start":{},"end":{}}],"line":214},"17":{"loc":{"start":{"line":260,"column":8},"end":{"line":262,"column":9}},"type":"if","locations":[{"start":{"line":260,"column":8},"end":{"line":262,"column":9}},{"start":{},"end":{}}],"line":260},"18":{"loc":{"start":{"line":264,"column":8},"end":{"line":266,"column":9}},"type":"if","locations":[{"start":{"line":264,"column":8},"end":{"line":266,"column":9}},{"start":{},"end":{}}],"line":264}},"s":{"0":1,"1":1,"2":1,"3":1,"4":1,"5":1,"6":1,"7":1,"8":0,"9":0,"10":0,"11":0,"12":0,"13":0,"14":0,"15":0,"16":0,"17":0,"18":0,"19":0,"20":0,"21":0,"22":0,"23":0,"24":0,"25":0,"26":0,"27":0,"28":0,"29":0,"30":0,"31":0,"32":0,"33":0,"34":0,"35":0,"36":0,"37":0,"38":0,"39":0,"40":0,"41":0,"42":0,"43":0,"44":0,"45":0,"46":0,"47":0,"48":0,"49":0,"50":0,"51":0,"52":0,"53":0,"54":0,"55":0,"56":0,"57":0,"58":0,"59":0,"60":0,"61":0,"62":0,"63":0,"64":0,"65":0,"66":0,"67":0,"68":0,"69":0,"70":0,"71":0,"72":0,"73":0,"74":0,"75":0,"76":0,"77":0,"78":0,"79":0,"80":0,"81":0,"82":0,"83":0,"84":0,"85":0,"86":0,"87":0,"88":0,"89":0,"90":0,"91":0,"92":0,"93":0,"94":0,"95":0,"96":0,"97":0,"98":0,"99":0,"100":0,"101":0,"102":0,"103":0,"104":0,"105":1},"f":{"0":0,"1":0,"2":0,"3":0,"4":0,"5":0,"6":0},"b":{"0":[0,0],"1":[0,0],"2":[0,0],"3":[0,0],"4":[0,0],"5":[0,0],"6":[0,0],"7":[0,0],"8":[0,0],"9":[0,0],"10":[0,0],"11":[0,0],"12":[0,0],"13":[0,0],"14":[0,0],"15":[0,0],"16":[0,0],"17":[0,0],"18":[0,0]},"_coverageSchema":"1a1c01bbd47fc00a2c39e90264f33305004495a9","hash":"999c9a17fcabb5a6aca45e6e5a067198c9955061"}
,"/Users/gabrielkleinlima/Programando/Widget-para-compartilhar-fotos/backend/src/controllers/userController.js": {"path":"/Users/gabrielkleinlima/Programando/Widget-para-compartilhar-fotos/backend/src/controllers/userController.js","statementMap":{"0":{"start":{"line":1,"column":11},"end":{"line":1,"column":40}},"1":{"start":{"line":2,"column":13},"end":{"line":2,"column":38}},"2":{"start":{"line":3,"column":23},"end":{"line":3,"column":62}},"3":{"start":{"line":7,"column":4},"end":{"line":22,"column":5}},"4":{"start":{"line":8,"column":24},"end":{"line":11,"column":9}},"5":{"start":{"line":13,"column":8},"end":{"line":15,"column":9}},"6":{"start":{"line":14,"column":12},"end":{"line":14,"column":77}},"7":{"start":{"line":17,"column":21},"end":{"line":17,"column":43}},"8":{"start":{"line":18,"column":8},"end":{"line":18,"column":32}},"9":{"start":{"line":20,"column":8},"end":{"line":20,"column":56}},"10":{"start":{"line":21,"column":8},"end":{"line":21,"column":66}},"11":{"start":{"line":27,"column":4},"end":{"line":44,"column":5}},"12":{"start":{"line":28,"column":23},"end":{"line":28,"column":33}},"13":{"start":{"line":30,"column":24},"end":{"line":33,"column":9}},"14":{"start":{"line":35,"column":8},"end":{"line":37,"column":9}},"15":{"start":{"line":36,"column":12},"end":{"line":36,"column":77}},"16":{"start":{"line":39,"column":21},"end":{"line":39,"column":43}},"17":{"start":{"line":40,"column":8},"end":{"line":40,"column":32}},"18":{"start":{"line":42,"column":8},"end":{"line":42,"column":56}},"19":{"start":{"line":43,"column":8},"end":{"line":43,"column":66}},"20":{"start":{"line":49,"column":4},"end":{"line":66,"column":5}},"21":{"start":{"line":50,"column":25},"end":{"line":50,"column":35}},"22":{"start":{"line":52,"column":24},"end":{"line":55,"column":9}},"23":{"start":{"line":57,"column":8},"end":{"line":59,"column":9}},"24":{"start":{"line":58,"column":12},"end":{"line":58,"column":90}},"25":{"start":{"line":61,"column":21},"end":{"line":61,"column":43}},"26":{"start":{"line":62,"column":8},"end":{"line":62,"column":32}},"27":{"start":{"line":64,"column":8},"end":{"line":64,"column":67}},"28":{"start":{"line":65,"column":8},"end":{"line":65,"column":66}},"29":{"start":{"line":71,"column":4},"end":{"line":131,"column":5}},"30":{"start":{"line":72,"column":32},"end":{"line":72,"column":40}},"31":{"start":{"line":73,"column":30},"end":{"line":73,"column":41}},"32":{"start":{"line":75,"column":8},"end":{"line":77,"column":9}},"33":{"start":{"line":76,"column":12},"end":{"line":76,"column":89}},"34":{"start":{"line":80,"column":31},"end":{"line":83,"column":9}},"35":{"start":{"line":85,"column":8},"end":{"line":87,"column":9}},"36":{"start":{"line":86,"column":12},"end":{"line":86,"column":90}},"37":{"start":{"line":89,"column":24},"end":{"line":89,"column":53}},"38":{"start":{"line":91,"column":8},"end":{"line":93,"column":9}},"39":{"start":{"line":92,"column":12},"end":{"line":92,"column":90}},"40":{"start":{"line":96,"column":27},"end":{"line":96,"column":51}},"41":{"start":{"line":97,"column":8},"end":{"line":127,"column":9}},"42":{"start":{"line":98,"column":12},"end":{"line":98,"column":48}},"43":{"start":{"line":101,"column":12},"end":{"line":104,"column":14}},"44":{"start":{"line":107,"column":12},"end":{"line":110,"column":14}},"45":{"start":{"line":112,"column":12},"end":{"line":112,"column":38}},"46":{"start":{"line":115,"column":35},"end":{"line":118,"column":13}},"47":{"start":{"line":120,"column":32},"end":{"line":120,"column":61}},"48":{"start":{"line":121,"column":12},"end":{"line":121,"column":43}},"49":{"start":{"line":123,"column":12},"end":{"line":123,"column":40}},"50":{"start":{"line":124,"column":12},"end":{"line":124,"column":24}},"51":{"start":{"line":126,"column":12},"end":{"line":126,"column":33}},"52":{"start":{"line":129,"column":8},"end":{"line":129,"column":57}},"53":{"start":{"line":130,"column":8},"end":{"line":130,"column":67}},"54":{"start":{"line":136,"column":4},"end":{"line":191,"column":5}},"55":{"start":{"line":137,"column":30},"end":{"line":137,"column":41}},"56":{"start":{"line":140,"column":24},"end":{"line":143,"column":9}},"57":{"start":{"line":145,"column":8},"end":{"line":147,"column":9}},"58":{"start":{"line":146,"column":12},"end":{"line":146,"column":77}},"59":{"start":{"line":149,"column":26},"end":{"line":149,"column":45}},"60":{"start":{"line":151,"column":8},"end":{"line":153,"column":9}},"61":{"start":{"line":152,"column":12},"end":{"line":152,"column":88}},"62":{"start":{"line":156,"column":27},"end":{"line":156,"column":51}},"63":{"start":{"line":157,"column":8},"end":{"line":187,"column":9}},"64":{"start":{"line":158,"column":12},"end":{"line":158,"column":48}},"65":{"start":{"line":161,"column":12},"end":{"line":164,"column":14}},"66":{"start":{"line":167,"column":12},"end":{"line":170,"column":14}},"67":{"start":{"line":172,"column":12},"end":{"line":172,"column":38}},"68":{"start":{"line":175,"column":35},"end":{"line":178,"column":13}},"69":{"start":{"line":180,"column":32},"end":{"line":180,"column":61}},"70":{"start":{"line":181,"column":12},"end":{"line":181,"column":43}},"71":{"start":{"line":183,"column":12},"end":{"line":183,"column":40}},"72":{"start":{"line":184,"column":12},"end":{"line":184,"column":24}},"73":{"start":{"line":186,"column":12},"end":{"line":186,"column":33}},"74":{"start":{"line":189,"column":8},"end":{"line":189,"column":60}},"75":{"start":{"line":190,"column":8},"end":{"line":190,"column":70}},"76":{"start":{"line":196,"column":4},"end":{"line":213,"column":5}},"77":{"start":{"line":197,"column":23},"end":{"line":197,"column":34}},"78":{"start":{"line":198,"column":29},"end":{"line":198,"column":37}},"79":{"start":{"line":200,"column":8},"end":{"line":202,"column":9}},"80":{"start":{"line":201,"column":12},"end":{"line":201,"column":78}},"81":{"start":{"line":204,"column":8},"end":{"line":207,"column":10}},"82":{"start":{"line":209,"column":8},"end":{"line":209,"column":66}},"83":{"start":{"line":211,"column":8},"end":{"line":211,"column":61}},"84":{"start":{"line":212,"column":8},"end":{"line":212,"column":71}},"85":{"start":{"line":216,"column":0},"end":{"line":223,"column":2}}},"fnMap":{"0":{"name":"getCurrentUser","decl":{"start":{"line":6,"column":15},"end":{"line":6,"column":29}},"loc":{"start":{"line":6,"column":40},"end":{"line":23,"column":1}},"line":6},"1":{"name":"getUserById","decl":{"start":{"line":26,"column":15},"end":{"line":26,"column":26}},"loc":{"start":{"line":26,"column":37},"end":{"line":45,"column":1}},"line":26},"2":{"name":"getUserByPairingCode","decl":{"start":{"line":48,"column":15},"end":{"line":48,"column":35}},"loc":{"start":{"line":48,"column":46},"end":{"line":67,"column":1}},"line":48},"3":{"name":"pairUsers","decl":{"start":{"line":70,"column":15},"end":{"line":70,"column":24}},"loc":{"start":{"line":70,"column":35},"end":{"line":132,"column":1}},"line":70},"4":{"name":"unpairUsers","decl":{"start":{"line":135,"column":15},"end":{"line":135,"column":26}},"loc":{"start":{"line":135,"column":37},"end":{"line":192,"column":1}},"line":135},"5":{"name":"updateFcmToken","decl":{"start":{"line":195,"column":15},"end":{"line":195,"column":29}},"loc":{"start":{"line":195,"column":40},"end":{"line":214,"column":1}},"line":195}},"branchMap":{"0":{"loc":{"start":{"line":13,"column":8},"end":{"line":15,"column":9}},"type":"if","locations":[{"start":{"line":13,"column":8},"end":{"line":15,"column":9}},{"start":{},"end":{}}],"line":13},"1":{"loc":{"start":{"line":35,"column":8},"end":{"line":37,"column":9}},"type":"if","locations":[{"start":{"line":35,"column":8},"end":{"line":37,"column":9}},{"start":{},"end":{}}],"line":35},"2":{"loc":{"start":{"line":57,"column":8},"end":{"line":59,"column":9}},"type":"if","locations":[{"start":{"line":57,"column":8},"end":{"line":59,"column":9}},{"start":{},"end":{}}],"line":57},"3":{"loc":{"start":{"line":75,"column":8},"end":{"line":77,"column":9}},"type":"if","locations":[{"start":{"line":75,"column":8},"end":{"line":77,"column":9}},{"start":{},"end":{}}],"line":75},"4":{"loc":{"start":{"line":85,"column":8},"end":{"line":87,"column":9}},"type":"if","locations":[{"start":{"line":85,"column":8},"end":{"line":87,"column":9}},{"start":{},"end":{}}],"line":85},"5":{"loc":{"start":{"line":91,"column":8},"end":{"line":93,"column":9}},"type":"if","locations":[{"start":{"line":91,"column":8},"end":{"line":93,"column":9}},{"start":{},"end":{}}],"line":91},"6":{"loc":{"start":{"line":145,"column":8},"end":{"line":147,"column":9}},"type":"if","locations":[{"start":{"line":145,"column":8},"end":{"line":147,"column":9}},{"start":{},"end":{}}],"line":145},"7":{"loc":{"start":{"line":151,"column":8},"end":{"line":153,"column":9}},"type":"if","locations":[{"start":{"line":151,"column":8},"end":{"line":153,"column":9}},{"start":{},"end":{}}],"line":151},"8":{"loc":{"start":{"line":200,"column":8},"end":{"line":202,"column":9}},"type":"if","locations":[{"start":{"line":200,"column":8},"end":{"line":202,"column":9}},{"start":{},"end":{}}],"line":200}},"s":{"0":2,"1":2,"2":2,"3":0,"4":0,"5":0,"6":0,"7":0,"8":0,"9":0,"10":0,"11":0,"12":0,"13":0,"14":0,"15":0,"16":0,"17":0,"18":0,"19":0,"20":0,"21":0,"22":0,"23":0,"24":0,"25":0,"26":0,"27":0,"28":0,"29":0,"30":0,"31":0,"32":0,"33":0,"34":0,"35":0,"36":0,"37":0,"38":0,"39":0,"40":0,"41":0,"42":0,"43":0,"44":0,"45":0,"46":0,"47":0,"48":0,"49":0,"50":0,"51":0,"52":0,"53":0,"54":0,"55":0,"56":0,"57":0,"58":0,"59":0,"60":0,"61":0,"62":0,"63":0,"64":0,"65":0,"66":0,"67":0,"68":0,"69":0,"70":0,"71":0,"72":0,"73":0,"74":0,"75":0,"76":0,"77":0,"78":0,"79":0,"80":0,"81":0,"82":0,"83":0,"84":0,"85":2},"f":{"0":0,"1":0,"2":0,"3":0,"4":0,"5":0},"b":{"0":[0,0],"1":[0,0],"2":[0,0],"3":[0,0],"4":[0,0],"5":[0,0],"6":[0,0],"7":[0,0],"8":[0,0]},"_coverageSchema":"1a1c01bbd47fc00a2c39e90264f33305004495a9","hash":"47035f32b906146f140873d0d403ce1a49ee781f"}
,"/Users/gabrielkleinlima/Programando/Widget-para-compartilhar-fotos/backend/src/middleware/authMiddleware.js": {"path":"/Users/gabrielkleinlima/Programando/Widget-para-compartilhar-fotos/backend/src/middleware/authMiddleware.js","statementMap":{"0":{"start":{"line":1,"column":12},"end":{"line":1,"column":35}},"1":{"start":{"line":2,"column":11},"end":{"line":2,"column":40}},"2":{"start":{"line":4,"column":23},"end":{"line":40,"column":1}},"3":{"start":{"line":5,"column":4},"end":{"line":39,"column":5}},"4":{"start":{"line":6,"column":27},"end":{"line":6,"column":52}},"5":{"start":{"line":8,"column":8},"end":{"line":10,"column":9}},"6":{"start":{"line":9,"column":12},"end":{"line":9,"column":90}},"7":{"start":{"line":12,"column":22},"end":{"line":12,"column":45}},"8":{"start":{"line":14,"column":8},"end":{"line":35,"column":9}},"9":{"start":{"line":15,"column":28},"end":{"line":15,"column":69}},"10":{"start":{"line":18,"column":28},"end":{"line":21,"column":13}},"11":{"start":{"line":23,"column":12},"end":{"line":25,"column":13}},"12":{"start":{"line":24,"column":16},"end":{"line":24,"column":81}},"13":{"start":{"line":27,"column":12},"end":{"line":30,"column":14}},"14":{"start":{"line":32,"column":12},"end":{"line":32,"column":19}},"15":{"start":{"line":34,"column":12},"end":{"line":34,"column":81}},"16":{"start":{"line":37,"column":8},"end":{"line":37,"column":68}},"17":{"start":{"line":38,"column":8},"end":{"line":38,"column":75}},"18":{"start":{"line":42,"column":0},"end":{"line":42,"column":32}}},"fnMap":{"0":{"name":"(anonymous_0)","decl":{"start":{"line":4,"column":23},"end":{"line":4,"column":24}},"loc":{"start":{"line":4,"column":49},"end":{"line":40,"column":1}},"line":4}},"branchMap":{"0":{"loc":{"start":{"line":8,"column":8},"end":{"line":10,"column":9}},"type":"if","locations":[{"start":{"line":8,"column":8},"end":{"line":10,"column":9}},{"start":{},"end":{}}],"line":8},"1":{"loc":{"start":{"line":8,"column":12},"end":{"line":8,"column":60}},"type":"binary-expr","locations":[{"start":{"line":8,"column":12},"end":{"line":8,"column":23}},{"start":{"line":8,"column":27},"end":{"line":8,"column":60}}],"line":8},"2":{"loc":{"start":{"line":23,"column":12},"end":{"line":25,"column":13}},"type":"if","locations":[{"start":{"line":23,"column":12},"end":{"line":25,"column":13}},{"start":{},"end":{}}],"line":23}},"s":{"0":2,"1":2,"2":2,"3":8,"4":8,"5":8,"6":1,"7":7,"8":7,"9":7,"10":0,"11":0,"12":0,"13":0,"14":0,"15":7,"16":0,"17":0,"18":2},"f":{"0":8},"b":{"0":[1,7],"1":[8,7],"2":[0,0]},"_coverageSchema":"1a1c01bbd47fc00a2c39e90264f33305004495a9","hash":"badd8d9e75ab3b002ac58ad2f366586dc5c0282b"}
,"/Users/gabrielkleinlima/Programando/Widget-para-compartilhar-fotos/backend/src/middleware/uploadRateLimiter.js": {"path":"/Users/gabrielkleinlima/Programando/Widget-para-compartilhar-fotos/backend/src/middleware/uploadRateLimiter.js","statementMap":{"0":{"start":{"line":1,"column":18},"end":{"line":1,"column":47}},"1":{"start":{"line":14,"column":22},"end":{"line":52,"column":2}},"2":{"start":{"line":27,"column":8},"end":{"line":27,"column":38}},"3":{"start":{"line":32,"column":8},"end":{"line":32,"column":87}},"4":{"start":{"line":33,"column":8},"end":{"line":37,"column":11}},"5":{"start":{"line":42,"column":30},"end":{"line":42,"column":68}},"6":{"start":{"line":43,"column":8},"end":{"line":45,"column":9}},"7":{"start":{"line":44,"column":12},"end":{"line":44,"column":75}},"8":{"start":{"line":46,"column":8},"end":{"line":46,"column":29}},"9":{"start":{"line":58,"column":28},"end":{"line":66,"column":2}},"10":{"start":{"line":64,"column":27},"end":{"line":64,"column":49}},"11":{"start":{"line":65,"column":19},"end":{"line":65,"column":57}},"12":{"start":{"line":68,"column":0},"end":{"line":71,"column":2}}},"fnMap":{"0":{"name":"(anonymous_0)","decl":{"start":{"line":24,"column":18},"end":{"line":24,"column":19}},"loc":{"start":{"line":24,"column":27},"end":{"line":28,"column":5}},"line":24},"1":{"name":"(anonymous_1)","decl":{"start":{"line":31,"column":13},"end":{"line":31,"column":14}},"loc":{"start":{"line":31,"column":27},"end":{"line":38,"column":5}},"line":31},"2":{"name":"(anonymous_2)","decl":{"start":{"line":41,"column":10},"end":{"line":41,"column":11}},"loc":{"start":{"line":41,"column":19},"end":{"line":47,"column":5}},"line":41},"3":{"name":"(anonymous_3)","decl":{"start":{"line":64,"column":18},"end":{"line":64,"column":19}},"loc":{"start":{"line":64,"column":27},"end":{"line":64,"column":49}},"line":64},"4":{"name":"(anonymous_4)","decl":{"start":{"line":65,"column":10},"end":{"line":65,"column":11}},"loc":{"start":{"line":65,"column":19},"end":{"line":65,"column":57}},"line":65}},"branchMap":{"0":{"loc":{"start":{"line":27,"column":15},"end":{"line":27,"column":37}},"type":"binary-expr","locations":[{"start":{"line":27,"column":15},"end":{"line":27,"column":27}},{"start":{"line":27,"column":31},"end":{"line":27,"column":37}}],"line":27},"1":{"loc":{"start":{"line":32,"column":61},"end":{"line":32,"column":83}},"type":"binary-expr","locations":[{"start":{"line":32,"column":61},"end":{"line":32,"column":73}},{"start":{"line":32,"column":77},"end":{"line":32,"column":83}}],"line":32},"2":{"loc":{"start":{"line":43,"column":8},"end":{"line":45,"column":9}},"type":"if","locations":[{"start":{"line":43,"column":8},"end":{"line":45,"column":9}},{"start":{},"end":{}}],"line":43},"3":{"loc":{"start":{"line":64,"column":27},"end":{"line":64,"column":49}},"type":"binary-expr","locations":[{"start":{"line":64,"column":27},"end":{"line":64,"column":39}},{"start":{"line":64,"column":43},"end":{"line":64,"column":49}}],"line":64}},"s":{"0":1,"1":1,"2":0,"3":0,"4":0,"5":0,"6":0,"7":0,"8":0,"9":1,"10":0,"11":0,"12":1},"f":{"0":0,"1":0,"2":0,"3":0,"4":0},"b":{"0":[0,0],"1":[0,0],"2":[0,0],"3":[0,0]},"_coverageSchema":"1a1c01bbd47fc00a2c39e90264f33305004495a9","hash":"bee47812983765e0bdf74adea5faa40ab6a8719b"}
,"/Users/gabrielkleinlima/Programando/Widget-para-compartilhar-fotos/backend/src/models/Photo.js": {"path":"/Users/gabrielkleinlima/Programando/Widget-para-compartilhar-fotos/backend/src/models/Photo.js","statementMap":{"0":{"start":{"line":1,"column":23},"end":{"line":1,"column":38}},"1":{"start":{"line":5,"column":8},"end":{"line":5,"column":38}},"2":{"start":{"line":6,"column":8},"end":{"line":6,"column":46}},"3":{"start":{"line":7,"column":8},"end":{"line":7,"column":50}},"4":{"start":{"line":8,"column":8},"end":{"line":8,"column":50}},"5":{"start":{"line":9,"column":8},"end":{"line":9,"column":54}},"6":{"start":{"line":10,"column":8},"end":{"line":10,"column":39}},"7":{"start":{"line":11,"column":8},"end":{"line":11,"column":50}},"8":{"start":{"line":15,"column":8},"end":{"line":23,"column":10}},"9":{"start":{"line":27,"column":8},"end":{"line":35,"column":11}},"10":{"start":{"line":39,"column":0},"end":{"line":39,"column":23}}},"fnMap":{"0":{"name":"(anonymous_0)","decl":{"start":{"line":4,"column":4},"end":{"line":4,"column":5}},"loc":{"start":{"line":4,"column":22},"end":{"line":12,"column":5}},"line":4},"1":{"name":"(anonymous_1)","decl":{"start":{"line":14,"column":4},"end":{"line":14,"column":5}},"loc":{"start":{"line":14,"column":13},"end":{"line":24,"column":5}},"line":14},"2":{"name":"(anonymous_2)","decl":{"start":{"line":26,"column":4},"end":{"line":26,"column":5}},"loc":{"start":{"line":26,"column":24},"end":{"line":36,"column":5}},"line":26}},"branchMap":{"0":{"loc":{"start":{"line":5,"column":18},"end":{"line":5,"column":37}},"type":"binary-expr","locations":[{"start":{"line":5,"column":18},"end":{"line":5,"column":25}},{"start":{"line":5,"column":29},"end":{"line":5,"column":37}}],"line":5},"1":{"loc":{"start":{"line":6,"column":25},"end":{"line":6,"column":45}},"type":"binary-expr","locations":[{"start":{"line":6,"column":25},"end":{"line":6,"column":39}},{"start":{"line":6,"column":43},"end":{"line":6,"column":45}}],"line":6},"2":{"loc":{"start":{"line":7,"column":27},"end":{"line":7,"column":49}},"type":"binary-expr","locations":[{"start":{"line":7,"column":27},"end":{"line":7,"column":43}},{"start":{"line":7,"column":47},"end":{"line":7,"column":49}}],"line":7},"3":{"loc":{"start":{"line":8,"column":26},"end":{"line":8,"column":49}},"type":"binary-expr","locations":[{"start":{"line":8,"column":26},"end":{"line":8,"column":41}},{"start":{"line":8,"column":45},"end":{"line":8,"column":49}}],"line":8},"4":{"loc":{"start":{"line":9,"column":25},"end":{"line":9,"column":53}},"type":"binary-expr","locations":[{"start":{"line":9,"column":25},"end":{"line":9,"column":39}},{"start":{"line":9,"column":43},"end":{"line":9,"column":53}}],"line":9},"5":{"loc":{"start":{"line":10,"column":20},"end":{"line":10,"column":38}},"type":"binary-expr","locations":[{"start":{"line":10,"column":20},"end":{"line":10,"column":29}},{"start":{"line":10,"column":33},"end":{"line":10,"column":38}}],"line":10},"6":{"loc":{"start":{"line":11,"column":26},"end":{"line":11,"column":49}},"type":"binary-expr","locations":[{"start":{"line":11,"column":26},"end":{"line":11,"column":41}},{"start":{"line":11,"column":45},"end":{"line":11,"column":49}}],"line":11}},"s":{"0":1,"1":0,"2":0,"3":0,"4":0,"5":0,"6":0,"7":0,"8":0,"9":0,"10":1},"f":{"0":0,"1":0,"2":0},"b":{"0":[0,0],"1":[0,0],"2":[0,0],"3":[0,0],"4":[0,0],"5":[0,0],"6":[0,0]},"_coverageSchema":"1a1c01bbd47fc00a2c39e90264f33305004495a9","hash":"903e152a62efae484e14c9ade7a70f72a9d1150f"}
,"/Users/gabrielkleinlima/Programando/Widget-para-compartilhar-fotos/backend/src/models/User.js": {"path":"/Users/gabrielkleinlima/Programando/Widget-para-compartilhar-fotos/backend/src/models/User.js","statementMap":{"0":{"start":{"line":1,"column":23},"end":{"line":1,"column":38}},"1":{"start":{"line":5,"column":8},"end":{"line":5,"column":38}},"2":{"start":{"line":6,"column":8},"end":{"line":6,"column":38}},"3":{"start":{"line":7,"column":8},"end":{"line":7,"column":54}},"4":{"start":{"line":8,"column":8},"end":{"line":8,"column":52}},"5":{"start":{"line":9,"column":8},"end":{"line":9,"column":50}},"6":{"start":{"line":10,"column":8},"end":{"line":10,"column":52}},"7":{"start":{"line":11,"column":8},"end":{"line":11,"column":50}},"8":{"start":{"line":12,"column":8},"end":{"line":12,"column":50}},"9":{"start":{"line":16,"column":8},"end":{"line":24,"column":10}},"10":{"start":{"line":28,"column":8},"end":{"line":37,"column":11}},"11":{"start":{"line":41,"column":0},"end":{"line":41,"column":22}}},"fnMap":{"0":{"name":"(anonymous_0)","decl":{"start":{"line":4,"column":4},"end":{"line":4,"column":5}},"loc":{"start":{"line":4,"column":22},"end":{"line":13,"column":5}},"line":4},"1":{"name":"(anonymous_1)","decl":{"start":{"line":15,"column":4},"end":{"line":15,"column":5}},"loc":{"start":{"line":15,"column":13},"end":{"line":25,"column":5}},"line":15},"2":{"name":"(anonymous_2)","decl":{"start":{"line":27,"column":4},"end":{"line":27,"column":5}},"loc":{"start":{"line":27,"column":24},"end":{"line":38,"column":5}},"line":27}},"branchMap":{"0":{"loc":{"start":{"line":5,"column":18},"end":{"line":5,"column":37}},"type":"binary-expr","locations":[{"start":{"line":5,"column":18},"end":{"line":5,"column":25}},{"start":{"line":5,"column":29},"end":{"line":5,"column":37}}],"line":5},"1":{"loc":{"start":{"line":6,"column":21},"end":{"line":6,"column":37}},"type":"binary-expr","locations":[{"start":{"line":6,"column":21},"end":{"line":6,"column":31}},{"start":{"line":6,"column":35},"end":{"line":6,"column":37}}],"line":6},"2":{"loc":{"start":{"line":7,"column":29},"end":{"line":7,"column":53}},"type":"binary-expr","locations":[{"start":{"line":7,"column":29},"end":{"line":7,"column":47}},{"start":{"line":7,"column":51},"end":{"line":7,"column":53}}],"line":7},"3":{"loc":{"start":{"line":8,"column":28},"end":{"line":8,"column":51}},"type":"binary-expr","locations":[{"start":{"line":8,"column":28},"end":{"line":8,"column":45}},{"start":{"line":8,"column":49},"end":{"line":8,"column":51}}],"line":8},"4":{"loc":{"start":{"line":9,"column":26},"end":{"line":9,"column":49}},"type":"binary-expr","locations":[{"start":{"line":9,"column":26},"end":{"line":9,"column":41}},{"start":{"line":9,"column":45},"end":{"line":9,"column":49}}],"line":9},"5":{"loc":{"start":{"line":10,"column":28},"end":{"line":10,"column":51}},"type":"binary-expr","locations":[{"start":{"line":10,"column":28},"end":{"line":10,"column":45}},{"start":{"line":10,"column":49},"end":{"line":10,"column":51}}],"line":10},"6":{"loc":{"start":{"line":11,"column":26},"end":{"line":11,"column":49}},"type":"binary-expr","locations":[{"start":{"line":11,"column":26},"end":{"line":11,"column":41}},{"start":{"line":11,"column":45},"end":{"line":11,"column":49}}],"line":11},"7":{"loc":{"start":{"line":12,"column":26},"end":{"line":12,"column":49}},"type":"binary-expr","locations":[{"start":{"line":12,"column":26},"end":{"line":12,"column":41}},{"start":{"line":12,"column":45},"end":{"line":12,"column":49}}],"line":12}},"s":{"0":3,"1":0,"2":0,"3":0,"4":0,"5":0,"6":0,"7":0,"8":0,"9":0,"10":0,"11":3},"f":{"0":0,"1":0,"2":0},"b":{"0":[0,0],"1":[0,0],"2":[0,0],"3":[0,0],"4":[0,0],"5":[0,0],"6":[0,0],"7":[0,0]},"_coverageSchema":"1a1c01bbd47fc00a2c39e90264f33305004495a9","hash":"baa21f76729aad3980bce89c85eef3638cca80d3"}
,"/Users/gabrielkleinlima/Programando/Widget-para-compartilhar-fotos/backend/src/routes/auth.js": {"path":"/Users/gabrielkleinlima/Programando/Widget-para-compartilhar-fotos/backend/src/routes/auth.js","statementMap":{"0":{"start":{"line":1,"column":16},"end":{"line":1,"column":34}},"1":{"start":{"line":2,"column":15},"end":{"line":2,"column":31}},"2":{"start":{"line":3,"column":23},"end":{"line":3,"column":63}},"3":{"start":{"line":6,"column":0},"end":{"line":6,"column":50}},"4":{"start":{"line":7,"column":0},"end":{"line":7,"column":44}},"5":{"start":{"line":10,"column":0},"end":{"line":10,"column":63}},"6":{"start":{"line":11,"column":0},"end":{"line":11,"column":57}},"7":{"start":{"line":12,"column":0},"end":{"line":12,"column":62}},"8":{"start":{"line":14,"column":0},"end":{"line":14,"column":24}}},"fnMap":{},"branchMap":{},"s":{"0":3,"1":3,"2":3,"3":3,"4":3,"5":3,"6":3,"7":3,"8":3},"f":{},"b":{},"_coverageSchema":"1a1c01bbd47fc00a2c39e90264f33305004495a9","hash":"f70595d2243467cc9afcfa5b84c2b0e244b0779e"}
,"/Users/gabrielkleinlima/Programando/Widget-para-compartilhar-fotos/backend/src/routes/photos.js": {"path":"/Users/gabrielkleinlima/Programando/Widget-para-compartilhar-fotos/backend/src/routes/photos.js","statementMap":{"0":{"start":{"line":1,"column":16},"end":{"line":1,"column":34}},"1":{"start":{"line":2,"column":15},"end":{"line":2,"column":31}},"2":{"start":{"line":3,"column":23},"end":{"line":3,"column":62}},"3":{"start":{"line":4,"column":24},"end":{"line":4,"column":65}},"4":{"start":{"line":5,"column":26},"end":{"line":5,"column":68}},"5":{"start":{"line":8,"column":0},"end":{"line":8,"column":27}},"6":{"start":{"line":11,"column":0},"end":{"line":11,"column":85}},"7":{"start":{"line":12,"column":0},"end":{"line":12,"column":54}},"8":{"start":{"line":13,"column":0},"end":{"line":13,"column":43}},"9":{"start":{"line":14,"column":0},"end":{"line":14,"column":56}},"10":{"start":{"line":15,"column":0},"end":{"line":15,"column":57}},"11":{"start":{"line":17,"column":0},"end":{"line":17,"column":24}}},"fnMap":{},"branchMap":{},"s":{"0":1,"1":1,"2":1,"3":1,"4":1,"5":1,"6":1,"7":1,"8":1,"9":1,"10":1,"11":1},"f":{},"b":{},"_coverageSchema":"1a1c01bbd47fc00a2c39e90264f33305004495a9","hash":"e3642c1852a4c0ba1d3b11b2785f01e5289bd78a"}
,"/Users/gabrielkleinlima/Programando/Widget-para-compartilhar-fotos/backend/src/routes/users.js": {"path":"/Users/gabrielkleinlima/Programando/Widget-para-compartilhar-fotos/backend/src/routes/users.js","statementMap":{"0":{"start":{"line":1,"column":16},"end":{"line":1,"column":34}},"1":{"start":{"line":2,"column":15},"end":{"line":2,"column":31}},"2":{"start":{"line":3,"column":23},"end":{"line":3,"column":62}},"3":{"start":{"line":4,"column":23},"end":{"line":4,"column":63}},"4":{"start":{"line":7,"column":0},"end":{"line":7,"column":27}},"5":{"start":{"line":9,"column":0},"end":{"line":9,"column":49}},"6":{"start":{"line":10,"column":0},"end":{"line":10,"column":47}},"7":{"start":{"line":11,"column":0},"end":{"line":11,"column":71}},"8":{"start":{"line":12,"column":0},"end":{"line":12,"column":47}},"9":{"start":{"line":13,"column":0},"end":{"line":13,"column":53}},"10":{"start":{"line":14,"column":0},"end":{"line":14,"column":56}},"11":{"start":{"line":16,"column":0},"end":{"line":16,"column":24}}},"fnMap":{},"branchMap":{},"s":{"0":2,"1":2,"2":2,"3":2,"4":2,"5":2,"6":2,"7":2,"8":2,"9":2,"10":2,"11":2},"f":{},"b":{},"_coverageSchema":"1a1c01bbd47fc00a2c39e90264f33305004495a9","hash":"68e570b78f5d79e0b4d7eeb73c671bceb7917f92"}
}
