TN:
SF:src/config/database.js
FN:18,(anonymous_0)
FN:22,(anonymous_1)
FNF:2
FNH:1
FNDA:3,(anonymous_0)
FNDA:0,(anonymous_1)
DA:1,3
DA:2,3
DA:4,3
DA:17,3
DA:19,3
DA:20,3
DA:23,0
DA:26,3
LF:8
LH:7
BRDA:6,0,0,3
BRDA:6,0,1,0
BRF:2
BRH:1
end_of_record
TN:
SF:src/config/firebase.js
FNF:0
FNH:0
DA:1,1
DA:2,1
DA:3,1
DA:6,1
DA:9,1
DA:10,0
DA:11,0
DA:12,0
DA:14,1
DA:15,1
DA:17,1
DA:21,1
DA:22,1
DA:24,0
DA:25,0
LF:15
LH:10
BRDA:9,0,0,0
BRDA:9,0,1,1
BRF:2
BRH:1
end_of_record
TN:
SF:src/controllers/authController.js
FN:7,generatePairingCode
FN:17,register
FN:83,login
FN:128,registerSimple
FN:191,loginSimple
FN:236,loginByPairingCode
FNF:6
FNH:1
FNDA:0,generatePairingCode
FNDA:0,register
FNDA:0,login
FNDA:60,registerSimple
FNDA:0,loginSimple
FNDA:0,loginByPairingCode
DA:1,3
DA:2,3
DA:3,3
DA:4,3
DA:8,0
DA:9,0
DA:10,0
DA:11,0
DA:13,0
DA:18,0
DA:19,0
DA:21,0
DA:22,0
DA:26,0
DA:31,0
DA:32,0
DA:36,0
DA:40,0
DA:41,0
DA:42,0
DA:43,0
DA:47,0
DA:48,0
DA:53,0
DA:60,0
DA:66,0
DA:72,0
DA:77,0
DA:78,0
DA:84,0
DA:85,0
DA:87,0
DA:88,0
DA:92,0
DA:97,0
DA:98,0
DA:101,0
DA:104,0
DA:106,0
DA:107,0
DA:111,0
DA:117,0
DA:122,0
DA:123,0
DA:129,60
DA:130,60
DA:132,60
DA:133,60
DA:138,0
DA:139,0
DA:141,0
DA:142,0
DA:143,0
DA:147,0
DA:148,0
DA:150,0
DA:153,0
DA:154,0
DA:158,0
DA:163,0
DA:169,0
DA:175,0
DA:185,0
DA:186,0
DA:192,0
DA:193,0
DA:195,0
DA:196,0
DA:200,0
DA:205,0
DA:206,0
DA:209,0
DA:210,0
DA:216,0
DA:219,0
DA:225,0
DA:230,0
DA:231,0
DA:237,0
DA:238,0
DA:240,0
DA:241,0
DA:245,0
DA:250,0
DA:251,0
DA:254,0
DA:257,0
DA:263,0
DA:268,0
DA:269,0
DA:273,3
LF:91
LH:9
BRDA:21,0,0,0
BRDA:21,0,1,0
BRDA:21,1,0,0
BRDA:21,1,1,0
BRDA:31,2,0,0
BRDA:31,2,1,0
BRDA:47,3,0,0
BRDA:47,3,1,0
BRDA:57,4,0,0
BRDA:57,4,1,0
BRDA:69,5,0,0
BRDA:69,5,1,0
BRDA:87,6,0,0
BRDA:87,6,1,0
BRDA:87,7,0,0
BRDA:87,7,1,0
BRDA:97,8,0,0
BRDA:97,8,1,0
BRDA:106,9,0,0
BRDA:106,9,1,0
BRDA:114,10,0,0
BRDA:114,10,1,0
BRDA:132,11,0,60
BRDA:132,11,1,0
BRDA:132,12,0,60
BRDA:132,12,1,0
BRDA:141,13,0,0
BRDA:141,13,1,0
BRDA:147,14,0,0
BRDA:147,14,1,0
BRDA:153,15,0,0
BRDA:153,15,1,0
BRDA:172,16,0,0
BRDA:172,16,1,0
BRDA:195,17,0,0
BRDA:195,17,1,0
BRDA:195,18,0,0
BRDA:195,18,1,0
BRDA:205,19,0,0
BRDA:205,19,1,0
BRDA:209,20,0,0
BRDA:209,20,1,0
BRDA:222,21,0,0
BRDA:222,21,1,0
BRDA:240,22,0,0
BRDA:240,22,1,0
BRDA:240,23,0,0
BRDA:240,23,1,0
BRDA:250,24,0,0
BRDA:250,24,1,0
BRDA:260,25,0,0
BRDA:260,25,1,0
BRF:52
BRH:2
end_of_record
TN:
SF:src/controllers/photoController.js
FN:15,(anonymous_0)
FN:25,uploadPhoto
FN:175,getPhotoImage
FN:205,getLatestPhoto
FN:227,getPhotos
FN:236,(anonymous_5)
FN:249,markPhotoAsSeen
FNF:7
FNH:0
FNDA:0,(anonymous_0)
FNDA:0,uploadPhoto
FNDA:0,getPhotoImage
FNDA:0,getLatestPhoto
FNDA:0,getPhotos
FNDA:0,(anonymous_5)
FNDA:0,markPhotoAsSeen
DA:1,1
DA:2,1
DA:3,1
DA:4,1
DA:5,1
DA:6,1
DA:9,1
DA:10,1
DA:16,0
DA:17,0
DA:19,0
DA:26,0
DA:27,0
DA:28,0
DA:30,0
DA:31,0
DA:34,0
DA:35,0
DA:39,0
DA:44,0
DA:45,0
DA:48,0
DA:49,0
DA:55,0
DA:56,0
DA:57,0
DA:60,0
DA:61,0
DA:62,0
DA:69,0
DA:70,0
DA:72,0
DA:73,0
DA:76,0
DA:77,0
DA:78,0
DA:80,0
DA:81,0
DA:86,0
DA:87,0
DA:94,0
DA:95,0
DA:96,0
DA:98,0
DA:110,0
DA:111,0
DA:112,0
DA:114,0
DA:115,0
DA:119,0
DA:126,0
DA:132,0
DA:133,0
DA:135,0
DA:140,0
DA:141,0
DA:144,0
DA:159,0
DA:162,0
DA:167,0
DA:169,0
DA:170,0
DA:176,0
DA:177,0
DA:178,0
DA:180,0
DA:185,0
DA:186,0
DA:189,0
DA:192,0
DA:193,0
DA:196,0
DA:197,0
DA:199,0
DA:200,0
DA:206,0
DA:207,0
DA:209,0
DA:214,0
DA:215,0
DA:218,0
DA:219,0
DA:221,0
DA:222,0
DA:228,0
DA:229,0
DA:231,0
DA:236,0
DA:237,0
DA:238,0
DA:241,0
DA:243,0
DA:244,0
DA:250,0
DA:251,0
DA:252,0
DA:255,0
DA:260,0
DA:261,0
DA:264,0
DA:265,0
DA:268,0
DA:273,0
DA:275,0
DA:276,0
DA:280,1
LF:106
LH:9
BRDA:16,0,0,0
BRDA:16,0,1,0
BRDA:30,1,0,0
BRDA:30,1,1,0
BRDA:34,2,0,0
BRDA:34,2,1,0
BRDA:44,3,0,0
BRDA:44,3,1,0
BRDA:48,4,0,0
BRDA:48,4,1,0
BRDA:56,5,0,0
BRDA:56,5,1,0
BRDA:61,6,0,0
BRDA:61,6,1,0
BRDA:80,7,0,0
BRDA:80,7,1,0
BRDA:80,8,0,0
BRDA:80,8,1,0
BRDA:86,9,0,0
BRDA:86,9,1,0
BRDA:132,10,0,0
BRDA:132,10,1,0
BRDA:140,11,0,0
BRDA:140,11,1,0
BRDA:140,12,0,0
BRDA:140,12,1,0
BRDA:185,13,0,0
BRDA:185,13,1,0
BRDA:192,14,0,0
BRDA:192,14,1,0
BRDA:192,15,0,0
BRDA:192,15,1,0
BRDA:214,16,0,0
BRDA:214,16,1,0
BRDA:260,17,0,0
BRDA:260,17,1,0
BRDA:264,18,0,0
BRDA:264,18,1,0
BRF:38
BRH:0
end_of_record
TN:
SF:src/controllers/userController.js
FN:6,getCurrentUser
FN:26,getUserById
FN:48,getUserByPairingCode
FN:70,pairUsers
FN:135,unpairUsers
FN:195,updateFcmToken
FNF:6
FNH:0
FNDA:0,getCurrentUser
FNDA:0,getUserById
FNDA:0,getUserByPairingCode
FNDA:0,pairUsers
FNDA:0,unpairUsers
FNDA:0,updateFcmToken
DA:1,2
DA:2,2
DA:3,2
DA:7,0
DA:8,0
DA:13,0
DA:14,0
DA:17,0
DA:18,0
DA:20,0
DA:21,0
DA:27,0
DA:28,0
DA:30,0
DA:35,0
DA:36,0
DA:39,0
DA:40,0
DA:42,0
DA:43,0
DA:49,0
DA:50,0
DA:52,0
DA:57,0
DA:58,0
DA:61,0
DA:62,0
DA:64,0
DA:65,0
DA:71,0
DA:72,0
DA:73,0
DA:75,0
DA:76,0
DA:80,0
DA:85,0
DA:86,0
DA:89,0
DA:91,0
DA:92,0
DA:96,0
DA:97,0
DA:98,0
DA:101,0
DA:107,0
DA:112,0
DA:115,0
DA:120,0
DA:121,0
DA:123,0
DA:124,0
DA:126,0
DA:129,0
DA:130,0
DA:136,0
DA:137,0
DA:140,0
DA:145,0
DA:146,0
DA:149,0
DA:151,0
DA:152,0
DA:156,0
DA:157,0
DA:158,0
DA:161,0
DA:167,0
DA:172,0
DA:175,0
DA:180,0
DA:181,0
DA:183,0
DA:184,0
DA:186,0
DA:189,0
DA:190,0
DA:196,0
DA:197,0
DA:198,0
DA:200,0
DA:201,0
DA:204,0
DA:209,0
DA:211,0
DA:212,0
DA:216,2
LF:86
LH:4
BRDA:13,0,0,0
BRDA:13,0,1,0
BRDA:35,1,0,0
BRDA:35,1,1,0
BRDA:57,2,0,0
BRDA:57,2,1,0
BRDA:75,3,0,0
BRDA:75,3,1,0
BRDA:85,4,0,0
BRDA:85,4,1,0
BRDA:91,5,0,0
BRDA:91,5,1,0
BRDA:145,6,0,0
BRDA:145,6,1,0
BRDA:151,7,0,0
BRDA:151,7,1,0
BRDA:200,8,0,0
BRDA:200,8,1,0
BRF:18
BRH:0
end_of_record
TN:
SF:src/middleware/authMiddleware.js
FN:4,(anonymous_0)
FNF:1
FNH:1
FNDA:8,(anonymous_0)
DA:1,2
DA:2,2
DA:4,2
DA:5,8
DA:6,8
DA:8,8
DA:9,1
DA:12,7
DA:14,7
DA:15,7
DA:18,0
DA:23,0
DA:24,0
DA:27,0
DA:32,0
DA:34,7
DA:37,0
DA:38,0
DA:42,2
LF:19
LH:12
BRDA:8,0,0,1
BRDA:8,0,1,7
BRDA:8,1,0,8
BRDA:8,1,1,7
BRDA:23,2,0,0
BRDA:23,2,1,0
BRF:6
BRH:4
end_of_record
TN:
SF:src/middleware/uploadRateLimiter.js
FN:24,(anonymous_0)
FN:31,(anonymous_1)
FN:41,(anonymous_2)
FN:64,(anonymous_3)
FN:65,(anonymous_4)
FNF:5
FNH:0
FNDA:0,(anonymous_0)
FNDA:0,(anonymous_1)
FNDA:0,(anonymous_2)
FNDA:0,(anonymous_3)
FNDA:0,(anonymous_4)
DA:1,1
DA:14,1
DA:27,0
DA:32,0
DA:33,0
DA:42,0
DA:43,0
DA:44,0
DA:46,0
DA:58,1
DA:64,0
DA:65,0
DA:68,1
LF:13
LH:4
BRDA:27,0,0,0
BRDA:27,0,1,0
BRDA:32,1,0,0
BRDA:32,1,1,0
BRDA:43,2,0,0
BRDA:43,2,1,0
BRDA:64,3,0,0
BRDA:64,3,1,0
BRF:8
BRH:0
end_of_record
TN:
SF:src/models/Photo.js
FN:4,(anonymous_0)
FN:14,(anonymous_1)
FN:26,(anonymous_2)
FNF:3
FNH:0
FNDA:0,(anonymous_0)
FNDA:0,(anonymous_1)
FNDA:0,(anonymous_2)
DA:1,1
DA:5,0
DA:6,0
DA:7,0
DA:8,0
DA:9,0
DA:10,0
DA:11,0
DA:15,0
DA:27,0
DA:39,1
LF:11
LH:2
BRDA:5,0,0,0
BRDA:5,0,1,0
BRDA:6,1,0,0
BRDA:6,1,1,0
BRDA:7,2,0,0
BRDA:7,2,1,0
BRDA:8,3,0,0
BRDA:8,3,1,0
BRDA:9,4,0,0
BRDA:9,4,1,0
BRDA:10,5,0,0
BRDA:10,5,1,0
BRDA:11,6,0,0
BRDA:11,6,1,0
BRF:14
BRH:0
end_of_record
TN:
SF:src/models/User.js
FN:4,(anonymous_0)
FN:15,(anonymous_1)
FN:27,(anonymous_2)
FNF:3
FNH:0
FNDA:0,(anonymous_0)
FNDA:0,(anonymous_1)
FNDA:0,(anonymous_2)
DA:1,3
DA:5,0
DA:6,0
DA:7,0
DA:8,0
DA:9,0
DA:10,0
DA:11,0
DA:12,0
DA:16,0
DA:28,0
DA:41,3
LF:12
LH:2
BRDA:5,0,0,0
BRDA:5,0,1,0
BRDA:6,1,0,0
BRDA:6,1,1,0
BRDA:7,2,0,0
BRDA:7,2,1,0
BRDA:8,3,0,0
BRDA:8,3,1,0
BRDA:9,4,0,0
BRDA:9,4,1,0
BRDA:10,5,0,0
BRDA:10,5,1,0
BRDA:11,6,0,0
BRDA:11,6,1,0
BRDA:12,7,0,0
BRDA:12,7,1,0
BRF:16
BRH:0
end_of_record
TN:
SF:src/routes/auth.js
FNF:0
FNH:0
DA:1,3
DA:2,3
DA:3,3
DA:6,3
DA:7,3
DA:10,3
DA:11,3
DA:12,3
DA:14,3
LF:9
LH:9
BRF:0
BRH:0
end_of_record
TN:
SF:src/routes/photos.js
FNF:0
FNH:0
DA:1,1
DA:2,1
DA:3,1
DA:4,1
DA:5,1
DA:8,1
DA:11,1
DA:12,1
DA:13,1
DA:14,1
DA:15,1
DA:17,1
LF:12
LH:12
BRF:0
BRH:0
end_of_record
TN:
SF:src/routes/users.js
FNF:0
FNH:0
DA:1,2
DA:2,2
DA:3,2
DA:4,2
DA:7,2
DA:9,2
DA:10,2
DA:11,2
DA:12,2
DA:13,2
DA:14,2
DA:16,2
LF:12
LH:12
BRF:0
BRH:0
end_of_record
